[2021-03-12 09:08:09] Request: 
data_source.open_dataset(time_range=('2020-01-21', '2020-01-21'), var_names=['ocean_tide', 'mdt_cnes_cls_09'], region=None)

Traceback (most recent call last):
  File "/home/alicja/miniconda3/envs/cate-env/lib/python3.7/site-packages/xarray/coding/times.py", line 194, in decode_cf_datetime
    dates = _decode_datetime_with_pandas(flat_num_dates, units, calendar)
  File "/home/alicja/miniconda3/envs/cate-env/lib/python3.7/site-packages/xarray/coding/times.py", line 142, in _decode_datetime_with_pandas
    "pandas.".format(calendar)
pandas._libs.tslibs.np_datetime.OutOfBoundsDatetime: Cannot decode times from a non-standard calendar, 'julian', using pandas.

During handling of the above exception, another exception occurred:

Traceback (most recent call last):
  File "/home/alicja/miniconda3/envs/cate-env/lib/python3.7/site-packages/xarray/coding/times.py", line 113, in _decode_cf_datetime_dtype
    result = decode_cf_datetime(example_value, units, calendar, use_cftime)
  File "/home/alicja/miniconda3/envs/cate-env/lib/python3.7/site-packages/xarray/coding/times.py", line 197, in decode_cf_datetime
    flat_num_dates.astype(float), units, calendar
  File "/home/alicja/miniconda3/envs/cate-env/lib/python3.7/site-packages/xarray/coding/times.py", line 134, in _decode_datetime_with_cftime
    cftime.num2date(num_dates, units, calendar, only_use_cftime_datetimes=True)
  File "src/cftime/_cftime.pyx", line 484, in cftime._cftime.num2date
TypeError: unsupported operand type(s) for +: 'cftime._cftime.DatetimeJulian' and 'NoneType'

During handling of the above exception, another exception occurred:

Traceback (most recent call last):
  File "/home/alicja/Desktop/projects/cate-e2e/testing-cci-datasets/test_cci_data_support.py", line 282, in test_open_ds
    cube = data_source.open_dataset(time_range=time_range, var_names=var_list)
  File "/home/alicja/Desktop/projects/cate/cate/ds/esa_cci_odp.py", line 1250, in open_dataset
    return open_xarray_dataset(files, region=region, var_names=var_names, monitor=monitor)
  File "/home/alicja/Desktop/projects/cate/cate/core/ds.py", line 782, in open_xarray_dataset
    **kwargs)
  File "/home/alicja/miniconda3/envs/cate-env/lib/python3.7/site-packages/xarray/backends/api.py", line 948, in open_mfdataset
    datasets = [open_(p, **open_kwargs) for p in paths]
  File "/home/alicja/miniconda3/envs/cate-env/lib/python3.7/site-packages/xarray/backends/api.py", line 948, in <listcomp>
    datasets = [open_(p, **open_kwargs) for p in paths]
  File "/home/alicja/miniconda3/envs/cate-env/lib/python3.7/site-packages/xarray/backends/api.py", line 575, in open_dataset
    ds = maybe_decode_store(store, chunks)
  File "/home/alicja/miniconda3/envs/cate-env/lib/python3.7/site-packages/xarray/backends/api.py", line 479, in maybe_decode_store
    decode_timedelta=decode_timedelta,
  File "/home/alicja/miniconda3/envs/cate-env/lib/python3.7/site-packages/xarray/conventions.py", line 598, in decode_cf
    decode_timedelta=decode_timedelta,
  File "/home/alicja/miniconda3/envs/cate-env/lib/python3.7/site-packages/xarray/conventions.py", line 500, in decode_cf_variables
    decode_timedelta=decode_timedelta,
  File "/home/alicja/miniconda3/envs/cate-env/lib/python3.7/site-packages/xarray/conventions.py", line 340, in decode_cf_variable
    var = times.CFDatetimeCoder(use_cftime=use_cftime).decode(var, name=name)
  File "/home/alicja/miniconda3/envs/cate-env/lib/python3.7/site-packages/xarray/coding/times.py", line 463, in decode
    dtype = _decode_cf_datetime_dtype(data, units, calendar, self.use_cftime)
  File "/home/alicja/miniconda3/envs/cate-env/lib/python3.7/site-packages/xarray/coding/times.py", line 123, in _decode_cf_datetime_dtype
    raise ValueError(msg)
ValueError: unable to decode time units 'days since 1950-1-1' with "calendar 'julian'". Try opening your dataset with decode_times=False or installing cftime if it is not installed.
